[debug] [2019-04-12T19:48:44.534Z] ----------------------------------------------------------------------
[debug] [2019-04-12T19:48:44.536Z] Command:       /usr/local/bin/node /usr/local/bin/firebase serve
[debug] [2019-04-12T19:48:44.536Z] CLI Version:   6.6.0
[debug] [2019-04-12T19:48:44.537Z] Platform:      darwin
[debug] [2019-04-12T19:48:44.537Z] Node Version:  v10.15.3
[debug] [2019-04-12T19:48:44.542Z] Time:          Fri Apr 12 2019 15:48:44 GMT-0400 (Eastern Daylight Time)
[debug] [2019-04-12T19:48:44.542Z] ----------------------------------------------------------------------
[debug] 
[debug] [2019-04-12T19:48:44.560Z] > command requires scopes: ["email","openid","https://www.googleapis.com/auth/cloudplatformprojects.readonly","https://www.googleapis.com/auth/firebase","https://www.googleapis.com/auth/cloud-platform"]
[debug] [2019-04-12T19:48:44.560Z] > authorizing via signed-in user
[debug] [2019-04-12T19:48:44.560Z] [iam] checking project gl-ph-a275f for permissions ["firebase.projects.get"]
[debug] [2019-04-12T19:48:44.563Z] > refreshing access token with scopes: ["email","https://www.googleapis.com/auth/cloud-platform","https://www.googleapis.com/auth/cloudplatformprojects.readonly","https://www.googleapis.com/auth/firebase","openid"]
[debug] [2019-04-12T19:48:44.563Z] >>> HTTP REQUEST POST https://www.googleapis.com/oauth2/v3/token  
 <request body omitted>
[debug] [2019-04-12T19:48:44.762Z] <<< HTTP RESPONSE 200
[debug] [2019-04-12T19:48:44.770Z] >>> HTTP REQUEST POST https://cloudresourcemanager.googleapis.com/v1/projects/gl-ph-a275f:testIamPermissions  

[debug] [2019-04-12T19:48:45.019Z] <<< HTTP RESPONSE 200
[debug] [2019-04-12T19:48:45.021Z] >>> HTTP REQUEST GET https://cloudresourcemanager.googleapis.com/v1/projects/gl-ph-a275f  
 
[debug] [2019-04-12T19:48:45.302Z] <<< HTTP RESPONSE 200
[info] 
[info] === Serving from '/Users/Christine/Documents/GitHub/issue00'...
[info] 
[debug] [2019-04-12T19:48:45.304Z] >>> HTTP REQUEST GET https://mobilesdk-pa.googleapis.com/v1/projects/1084963336851/clients/_:getWebAppConfig  
 
[debug] [2019-04-12T19:48:45.568Z] <<< HTTP RESPONSE 200
[info] i  hosting: Serving hosting files from: public
[info] ✔  hosting: Local server: http://localhost:5000
